<?xml version="1.0" encoding="UTF-8"?>
<coverage generated="1600585613098" clover="3.2.0">
  <project timestamp="1600585613098" name="All files">
    <metrics statements="9" coveredstatements="4" conditionals="0" coveredconditionals="0" methods="5" coveredmethods="3" elements="14" coveredelements="7" complexity="0" loc="9" ncloc="9" packages="1" files="2" classes="2"/>
    <file name="App.vue" path="D:\workspace\vue-cli\vue-test\vue-test-02\src\App.vue">
      <metrics statements="5" coveredstatements="4" conditionals="0" coveredconditionals="0" methods="4" coveredmethods="3"/>
      <line num="15" count="2" type="stmt"/>
      <line num="21" count="1" type="stmt"/>
      <line num="22" count="1" type="stmt"/>
      <line num="23" count="1" type="stmt"/>
      <line num="24" count="0" type="stmt"/>
    </file>
    <file name="main.js" path="D:\workspace\vue-cli\vue-test\vue-test-02\src\main.js">
      <metrics statements="4" coveredstatements="0" conditionals="0" coveredconditionals="0" methods="1" coveredmethods="0"/>
      <line num="7" count="0" type="stmt"/>
      <line num="8" count="0" type="stmt"/>
      <line num="10" count="0" type="stmt"/>
      <line num="13" count="0" type="stmt"/>
    </file>
  </project>
</coverage>
